<?xml version="1.0" encoding="UTF-8"?>
<testsuite name="org.hyperskill.calculator.tip.ExampleUnitTest" tests="8" skipped="0" failures="0" errors="0" timestamp="2021-07-06T14:44:52" hostname="DESKTOP-O2JO293" time="9.432">
  <properties/>
  <testcase name="testShouldCheckSliderListenerLast" classname="org.hyperskill.calculator.tip.ExampleUnitTest" time="8.132"/>
  <testcase name="testShouldCheckEditTextListenerFirst" classname="org.hyperskill.calculator.tip.ExampleUnitTest" time="0.292"/>
  <testcase name="testShouldCheckTextViewExist" classname="org.hyperskill.calculator.tip.ExampleUnitTest" time="0.255"/>
  <testcase name="testShouldCheckSliderExist" classname="org.hyperskill.calculator.tip.ExampleUnitTest" time="0.155"/>
  <testcase name="testShouldCheckSliderListenerFirst" classname="org.hyperskill.calculator.tip.ExampleUnitTest" time="0.162"/>
  <testcase name="testShouldCheckEditTextExist" classname="org.hyperskill.calculator.tip.ExampleUnitTest" time="0.18"/>
  <testcase name="testShouldCheckEditTextListenerLast" classname="org.hyperskill.calculator.tip.ExampleUnitTest" time="0.118"/>
  <testcase name="testShouldCheckLongJustForFun" classname="org.hyperskill.calculator.tip.ExampleUnitTest" time="0.138"/>
  <system-out><![CDATA[[Robolectric] org.hyperskill.calculator.tip.ExampleUnitTest.testShouldCheckSliderListenerLast: sdk=29; resources=BINARY
Called loadFromPath(/system/framework/framework-res.apk, true); mode=binary sdk=29
Cleaner.create(android.view.ThreadedRenderer@69b7bb29,android.graphics.HardwareRenderer$DestroyContextRunnable@6c3ce81b)
[Robolectric] org.hyperskill.calculator.tip.ExampleUnitTest.testShouldCheckEditTextListenerFirst: sdk=29; resources=BINARY
Cleaner.create(android.view.ThreadedRenderer@6ab60796,android.graphics.HardwareRenderer$DestroyContextRunnable@d546449)
[Robolectric] org.hyperskill.calculator.tip.ExampleUnitTest.testShouldCheckTextViewExist: sdk=29; resources=BINARY
Cleaner.create(android.view.ThreadedRenderer@70dc92a,android.graphics.HardwareRenderer$DestroyContextRunnable@f507f2d)
[Robolectric] org.hyperskill.calculator.tip.ExampleUnitTest.testShouldCheckSliderExist: sdk=29; resources=BINARY
Cleaner.create(android.view.ThreadedRenderer@335bcf14,android.graphics.HardwareRenderer$DestroyContextRunnable@9e1dc77)
[Robolectric] org.hyperskill.calculator.tip.ExampleUnitTest.testShouldCheckSliderListenerFirst: sdk=29; resources=BINARY
Cleaner.create(android.view.ThreadedRenderer@6f855f32,android.graphics.HardwareRenderer$DestroyContextRunnable@46c1c2c3)
[Robolectric] org.hyperskill.calculator.tip.ExampleUnitTest.testShouldCheckEditTextExist: sdk=29; resources=BINARY
Cleaner.create(android.view.ThreadedRenderer@59e975cf,android.graphics.HardwareRenderer$DestroyContextRunnable@31731263)
[Robolectric] org.hyperskill.calculator.tip.ExampleUnitTest.testShouldCheckEditTextListenerLast: sdk=29; resources=BINARY
Cleaner.create(android.view.ThreadedRenderer@130ba855,android.graphics.HardwareRenderer$DestroyContextRunnable@34463461)
[Robolectric] org.hyperskill.calculator.tip.ExampleUnitTest.testShouldCheckLongJustForFun: sdk=29; resources=BINARY
Cleaner.create(android.view.ThreadedRenderer@4d621951,android.graphics.HardwareRenderer$DestroyContextRunnable@24b8e4f5)
]]></system-out>
  <system-err><![CDATA[]]></system-err>
</testsuite>
